Started database update on Thu May 27 14:27:01 CEST 2021
  % Total    % Received % Xferd  Average Speed   Time    Time     Time  Current
                                 Dload  Upload   Total   Spent    Left  Speed
  0     0    0     0    0     0      0      0 --:--:-- --:--:-- --:--:--     0100 21764    0 21764    0     0  41238      0 --:--:-- --:--:-- --:--:-- 41297
--2021-05-27 14:27:01--  https://busco-data.ezlab.org/v4/data/lineages/acidobacteria_odb10.2020-03-06.tar.gz
Resolving busco-data.ezlab.org (busco-data.ezlab.org)... 129.194.190.21
Connecting to busco-data.ezlab.org (busco-data.ezlab.org)|129.194.190.21|:443... connected.
HTTP request sent, awaiting response... 200 OK
Length: 14677511 (14M) [application/octet-stream]
Saving to: ‘acidobacteria_odb10.2020-03-06.tar.gz’

     0K .......... .......... .......... .......... ..........  0%  486K 29s
    50K .......... .......... .......... .......... ..........  0%  866K 23s
   100K .......... .......... .......... .......... ..........  1%  578K 23s
   150K .......... .......... .......... .......... ..........  1% 2.29M 19s
   200K .......... .......... .......... .......... ..........  1% 1021K 18s
   250K .......... .......... .......... .......... ..........  2% 1.23M 17s
   300K .......... .......... .......... .......... ..........  2% 3.02M 15s
   350K .......... .......... .......... .......... ..........  2% 1.12M 15s
   400K .......... .......... .......... .......... ..........  3% 4.43M 13s
   450K .......... .......... .......... .......... ..........  3% 1.34M 13s
   500K .......... .......... .......... .......... ..........  3% 2.45M 12s
   550K .......... .......... .......... .......... ..........  4% 4.24M 11s
   600K .......... .......... .......... .......... ..........  4% 1.79M 11s
   650K .......... .......... .......... .......... ..........  4% 2.61M 11s
   700K .......... .......... .......... .......... ..........  5% 2.30M 10s
   750K .......... .......... .......... .......... ..........  5% 2.21M 10s
   800K .......... .......... .......... .......... ..........  5% 4.57M 9s
   850K .......... .......... .......... .......... ..........  6% 2.12M 9s
   900K .......... .......... .......... .......... ..........  6% 4.72M 9s
   950K .......... .......... .......... .......... ..........  6% 2.85M 9s
  1000K .......... .......... .......... .......... ..........  7% 4.42M 8s
  1050K .......... .......... .......... .......... ..........  7% 2.50M 8s
  1100K .......... .......... .......... .......... ..........  8% 4.61M 8s
  1150K .......... .......... .......... .......... ..........  8% 3.91M 8s
  1200K .......... .......... .......... .......... ..........  8% 4.68M 7s
  1250K .......... .......... .......... .......... ..........  9% 2.43M 7s
  1300K .......... .......... .......... .......... ..........  9% 4.44M 7s
  1350K .......... .......... .......... .......... ..........  9% 4.05M 7s
  1400K .......... .......... .......... .......... .......... 10% 4.79M 7s
  1450K .......... .......... .......... .......... .......... 10% 5.04M 7s
  1500K .......... .......... .......... .......... .......... 10% 4.09M 6s
  1550K .......... .......... .......... .......... .......... 11% 4.34M 6s
  1600K .......... .......... .......... .......... .......... 11% 5.02M 6s
  1650K .......... .......... .......... .......... .......... 11% 4.96M 6s
  1700K .......... .......... .......... .......... .......... 12% 4.28M 6s
  1750K .......... .......... .......... .......... .......... 12% 4.10M 6s
  1800K .......... .......... .......... .......... .......... 12% 4.84M 6s
  1850K .......... .......... .......... .......... .......... 13% 4.85M 6s
  1900K .......... .......... .......... .......... .......... 13% 4.77M 6s
  1950K .......... .......... .......... .......... .......... 13% 4.30M 5s
  2000K .......... .......... .......... .......... .......... 14% 4.85M 5s
  2050K .......... .......... .......... .......... .......... 14% 4.75M 5s
  2100K .......... .......... .......... .......... .......... 14% 5.20M 5s
  2150K .......... .......... .......... .......... .......... 15% 4.46M 5s
  2200K .......... .......... .......... .......... .......... 15% 5.29M 5s
  2250K .......... .......... .......... .......... .......... 16% 5.32M 5s
  2300K .......... .......... .......... .......... .......... 16% 5.03M 5s
  2350K .......... .......... .......... .......... .......... 16% 3.91M 5s
  2400K .......... .......... .......... .......... .......... 17% 5.25M 5s
  2450K .......... .......... .......... .......... .......... 17% 5.20M 5s
  2500K .......... .......... .......... .......... .......... 17% 4.62M 5s
  2550K .......... .......... .......... .......... .......... 18% 4.37M 5s
  2600K .......... .......... .......... .......... .......... 18% 5.12M 4s
  2650K .......... .......... .......... .......... .......... 18% 5.22M 4s
  2700K .......... .......... .......... .......... .......... 19% 4.71M 4s
  2750K .......... .......... .......... .......... .......... 19% 4.54M 4s
  2800K .......... .......... .......... .......... .......... 19% 4.98M 4s
  2850K .......... .......... .......... .......... .......... 20% 5.12M 4s
  2900K .......... .......... .......... .......... .......... 20% 4.98M 4s
  2950K .......... .......... .......... .......... .......... 20% 4.60M 4s
  3000K .......... .......... .......... .......... .......... 21% 5.07M 4s
  3050K .......... .......... .......... .......... .......... 21% 4.70M 4s
  3100K .......... .......... .......... .......... .......... 21% 4.77M 4s
  3150K .......... .......... .......... .......... .......... 22% 4.39M 4s
  3200K .......... .......... .......... .......... .......... 22% 5.19M 4s
  3250K .......... .......... .......... .......... .......... 23% 1.14M 4s
  3300K .......... .......... .......... .......... .......... 23% 4.49M 4s
  3350K .......... .......... .......... .......... .......... 23% 4.13M 4s
  3400K .......... .......... .......... .......... .......... 24% 4.80M 4s
  3450K .......... .......... .......... .......... .......... 24% 4.54M 4s
  3500K .......... .......... .......... .......... .......... 24% 5.02M 4s
  3550K .......... .......... .......... .......... .......... 25% 3.99M 4s
  3600K .......... .......... .......... .......... .......... 25% 5.18M 4s
  3650K .......... .......... .......... .......... .......... 25% 5.10M 4s
  3700K .......... .......... .......... .......... .......... 26% 5.03M 4s
  3750K .......... .......... .......... .......... .......... 26% 4.88M 4s
  3800K .......... .......... .......... .......... .......... 26% 5.15M 4s
  3850K .......... .......... .......... .......... .......... 27% 5.36M 3s
  3900K .......... .......... .......... .......... .......... 27% 5.16M 3s
  3950K .......... .......... .......... .......... .......... 27% 4.47M 3s
  4000K .......... .......... .......... .......... .......... 28% 5.19M 3s
  4050K .......... .......... .......... .......... .......... 28% 5.18M 3s
  4100K .......... .......... .......... .......... .......... 28% 4.46M 3s
  4150K .......... .......... .......... .......... .......... 29% 4.65M 3s
  4200K .......... .......... .......... .......... .......... 29% 5.20M 3s
  4250K .......... .......... .......... .......... .......... 29% 5.16M 3s
  4300K .......... .......... .......... .......... .......... 30% 5.29M 3s
  4350K .......... .......... .......... .......... .......... 30% 4.53M 3s
  4400K .......... .......... .......... .......... .......... 31% 5.09M 3s
  4450K .......... .......... .......... .......... .......... 31% 5.34M 3s
  4500K .......... .......... .......... .......... .......... 31% 5.04M 3s
  4550K .......... .......... .......... .......... .......... 32% 4.53M 3s
  4600K .......... .......... .......... .......... .......... 32% 3.65M 3s
  4650K .......... .......... .......... .......... .......... 32% 4.95M 3s
  4700K .......... .......... .......... .......... .......... 33% 5.19M 3s
  4750K .......... .......... .......... .......... .......... 33% 4.43M 3s
  4800K .......... .......... .......... .......... .......... 33% 5.20M 3s
  4850K .......... .......... .......... .......... .......... 34% 5.00M 3s
  4900K .......... .......... .......... .......... .......... 34% 5.20M 3s
  4950K .......... .......... .......... .......... .......... 34% 4.41M 3s
  5000K .......... .......... .......... .......... .......... 35% 5.15M 3s
  5050K .......... .......... .......... .......... .......... 35% 5.31M 3s
  5100K .......... .......... .......... .......... .......... 35% 4.84M 3s
  5150K .......... .......... .......... .......... .......... 36% 4.53M 3s
  5200K .......... .......... .......... .......... .......... 36% 5.12M 3s
  5250K .......... .......... .......... .......... .......... 36% 4.92M 3s
  5300K .......... .......... .......... .......... .......... 37% 5.35M 3s
  5350K .......... .......... .......... .......... .......... 37% 4.51M 3s
  5400K .......... .......... .......... .......... .......... 38% 5.18M 3s
  5450K .......... .......... .......... .......... .......... 38% 5.29M 3s
  5500K .......... .......... .......... .......... .......... 38% 5.09M 3s
  5550K .......... .......... .......... .......... .......... 39% 4.43M 3s
  5600K .......... .......... .......... .......... .......... 39% 4.51M 3s
  5650K .......... .......... .......... .......... .......... 39% 5.15M 3s
  5700K .......... .......... .......... .......... .......... 40% 5.04M 2s
  5750K .......... .......... .......... .......... .......... 40% 4.33M 2s
  5800K .......... .......... .......... .......... .......... 40% 5.35M 2s
  5850K .......... .......... .......... .......... .......... 41% 5.29M 2s
  5900K .......... .......... .......... .......... .......... 41% 4.75M 2s
  5950K .......... .......... .......... .......... .......... 41% 4.19M 2s
  6000K .......... .......... .......... .......... .......... 42% 5.21M 2s
  6050K .......... .......... .......... .......... .......... 42% 4.70M 2s
  6100K .......... .......... .......... .......... .......... 42% 4.97M 2s
  6150K .......... .......... .......... .......... .......... 43% 3.96M 2s
  6200K .......... .......... .......... .......... .......... 43% 4.94M 2s
  6250K .......... .......... .......... .......... .......... 43% 4.93M 2s
  6300K .......... .......... .......... .......... .......... 44% 4.86M 2s
  6350K .......... .......... .......... .......... .......... 44% 4.43M 2s
  6400K .......... .......... .......... .......... .......... 44% 5.03M 2s
  6450K .......... .......... .......... .......... .......... 45% 5.23M 2s
  6500K .......... .......... .......... .......... .......... 45% 5.07M 2s
  6550K .......... .......... .......... .......... .......... 46% 4.14M 2s
  6600K .......... .......... .......... .......... .......... 46% 5.16M 2s
  6650K .......... .......... .......... .......... .......... 46% 4.80M 2s
  6700K .......... .......... .......... .......... .......... 47% 4.99M 2s
  6750K .......... .......... .......... .......... .......... 47% 4.32M 2s
  6800K .......... .......... .......... .......... .......... 47% 5.22M 2s
  6850K .......... .......... .......... .......... .......... 48% 5.05M 2s
  6900K .......... .......... .......... .......... .......... 48% 4.87M 2s
  6950K .......... .......... .......... .......... .......... 48% 4.28M 2s
  7000K .......... .......... .......... .......... .......... 49% 5.10M 2s
  7050K .......... .......... .......... .......... .......... 49% 5.14M 2s
  7100K .......... .......... .......... .......... .......... 49% 4.84M 2s
  7150K .......... .......... .......... .......... .......... 50% 3.88M 2s
  7200K .......... .......... .......... .......... .......... 50% 5.16M 2s
  7250K .......... .......... .......... .......... .......... 50% 5.35M 2s
  7300K .......... .......... .......... .......... .......... 51% 5.26M 2s
  7350K .......... .......... .......... .......... .......... 51% 4.69M 2s
  7400K .......... .......... .......... .......... .......... 51% 5.04M 2s
  7450K .......... .......... .......... .......... .......... 52% 5.10M 2s
  7500K .......... .......... .......... .......... .......... 52% 4.97M 2s
  7550K .......... .......... .......... .......... .......... 53% 4.59M 2s
  7600K .......... .......... .......... .......... .......... 53% 5.34M 2s
  7650K .......... .......... .......... .......... .......... 53% 4.69M 2s
  7700K .......... .......... .......... .......... .......... 54% 5.13M 2s
  7750K .......... .......... .......... .......... .......... 54% 4.50M 2s
  7800K .......... .......... .......... .......... .......... 54% 5.24M 2s
  7850K .......... .......... .......... .......... .......... 55% 4.86M 2s
  7900K .......... .......... .......... .......... .......... 55% 5.10M 2s
  7950K .......... .......... .......... .......... .......... 55% 4.50M 2s
  8000K .......... .......... .......... .......... .......... 56% 5.05M 2s
  8050K .......... .......... .......... .......... .......... 56% 4.84M 2s
  8100K .......... .......... .......... .......... .......... 56% 5.08M 2s
  8150K .......... .......... .......... .......... .......... 57% 4.05M 2s
  8200K .......... .......... .......... .......... .......... 57% 5.12M 2s
  8250K .......... .......... .......... .......... .......... 57% 5.23M 2s
  8300K .......... .......... .......... .......... .......... 58% 5.28M 2s
  8350K .......... .......... .......... .......... .......... 58% 4.62M 2s
  8400K .......... .......... .......... .......... .......... 58% 5.26M 2s
  8450K .......... .......... .......... .......... .......... 59% 5.50M 2s
  8500K .......... .......... .......... .......... .......... 59% 5.35M 2s
  8550K .......... .......... .......... .......... .......... 59% 4.67M 1s
  8600K .......... .......... .......... .......... .......... 60% 5.15M 1s
  8650K .......... .......... .......... .......... .......... 60% 5.47M 1s
  8700K .......... .......... .......... .......... .......... 61% 4.69M 1s
  8750K .......... .......... .......... .......... .......... 61% 4.36M 1s
  8800K .......... .......... .......... .......... .......... 61% 5.29M 1s
  8850K .......... .......... .......... .......... .......... 62% 4.94M 1s
  8900K .......... .......... .......... .......... .......... 62% 5.22M 1s
  8950K .......... .......... .......... .......... .......... 62% 4.49M 1s
  9000K .......... .......... .......... .......... .......... 63% 5.05M 1s
  9050K .......... .......... .......... .......... .......... 63% 5.11M 1s
  9100K .......... .......... .......... .......... .......... 63% 5.54M 1s
  9150K .......... .......... .......... .......... .......... 64% 4.51M 1s
  9200K .......... .......... .......... .......... .......... 64% 4.91M 1s
  9250K .......... .......... .......... .......... .......... 64% 5.46M 1s
  9300K .......... .......... .......... .......... .......... 65% 5.26M 1s
  9350K .......... .......... .......... .......... .......... 65% 4.47M 1s
  9400K .......... .......... .......... .......... .......... 65% 5.06M 1s
  9450K .......... .......... .......... .......... .......... 66% 4.98M 1s
  9500K .......... .......... .......... .......... .......... 66% 5.01M 1s
  9550K .......... .......... .......... .......... .......... 66% 4.49M 1s
  9600K .......... .......... .......... .......... .......... 67% 4.86M 1s
  9650K .......... .......... .......... .......... .......... 67% 4.88M 1s
  9700K .......... .......... .......... .......... .......... 68% 4.90M 1s
  9750K .......... .......... .......... .......... .......... 68% 4.35M 1s
  9800K .......... .......... .......... .......... .......... 68% 4.91M 1s
  9850K .......... .......... .......... .......... .......... 69% 4.92M 1s
  9900K .......... .......... .......... .......... .......... 69% 5.34M 1s
  9950K .......... .......... .......... .......... .......... 69% 4.07M 1s
 10000K .......... .......... .......... .......... .......... 70% 5.29M 1s
 10050K .......... .......... .......... .......... .......... 70% 5.01M 1s
 10100K .......... .......... .......... .......... .......... 70% 5.17M 1s
 10150K .......... .......... .......... .......... .......... 71% 4.63M 1s
 10200K .......... .......... .......... .......... .......... 71% 4.60M 1s
 10250K .......... .......... .......... .......... .......... 71% 5.09M 1s
 10300K .......... .......... .......... .......... .......... 72% 4.89M 1s
 10350K .......... .......... .......... .......... .......... 72% 4.59M 1s
 10400K .......... .......... .......... .......... .......... 72% 4.71M 1s
 10450K .......... .......... .......... .......... .......... 73% 5.15M 1s
 10500K .......... .......... .......... .......... .......... 73% 5.31M 1s
 10550K .......... .......... .......... .......... .......... 73% 4.34M 1s
 10600K .......... .......... .......... .......... .......... 74% 4.90M 1s
 10650K .......... .......... .......... .......... .......... 74% 5.08M 1s
 10700K .......... .......... .......... .......... .......... 74% 4.82M 1s
 10750K .......... .......... .......... .......... .......... 75% 4.07M 1s
 10800K .......... .......... .......... .......... .......... 75% 5.03M 1s
 10850K .......... .......... .......... .......... .......... 76% 4.94M 1s
 10900K .......... .......... .......... .......... .......... 76% 5.03M 1s
 10950K .......... .......... .......... .......... .......... 76% 4.57M 1s
 11000K .......... .......... .......... .......... .......... 77% 5.32M 1s
 11050K .......... .......... .......... .......... .......... 77% 5.38M 1s
 11100K .......... .......... .......... .......... .......... 77% 5.24M 1s
 11150K .......... .......... .......... .......... .......... 78% 4.22M 1s
 11200K .......... .......... .......... .......... .......... 78% 5.07M 1s
 11250K .......... .......... .......... .......... .......... 78% 4.76M 1s
 11300K .......... .......... .......... .......... .......... 79% 4.80M 1s
 11350K .......... .......... .......... .......... .......... 79% 4.79M 1s
 11400K .......... .......... .......... .......... .......... 79% 5.20M 1s
 11450K .......... .......... .......... .......... .......... 80% 5.20M 1s
 11500K .......... .......... .......... .......... .......... 80% 5.18M 1s
 11550K .......... .......... .......... .......... .......... 80% 4.68M 1s
 11600K .......... .......... .......... .......... .......... 81% 5.29M 1s
 11650K .......... .......... .......... .......... .......... 81% 4.91M 1s
 11700K .......... .......... .......... .......... .......... 81% 5.34M 1s
 11750K .......... .......... .......... .......... .......... 82% 4.09M 1s
 11800K .......... .......... .......... .......... .......... 82% 4.88M 1s
 11850K .......... .......... .......... .......... .......... 83% 4.64M 1s
 11900K .......... .......... .......... .......... .......... 83% 5.42M 1s
 11950K .......... .......... .......... .......... .......... 83% 4.55M 1s
 12000K .......... .......... .......... .......... .......... 84% 5.34M 1s
 12050K .......... .......... .......... .......... .......... 84% 5.30M 1s
 12100K .......... .......... .......... .......... .......... 84% 5.11M 1s
 12150K .......... .......... .......... .......... .......... 85% 4.61M 1s
 12200K .......... .......... .......... .......... .......... 85% 4.97M 1s
 12250K .......... .......... .......... .......... .......... 85% 4.84M 0s
 12300K .......... .......... .......... .......... .......... 86% 5.17M 0s
 12350K .......... .......... .......... .......... .......... 86% 4.34M 0s
 12400K .......... .......... .......... .......... .......... 86% 4.95M 0s
 12450K .......... .......... .......... .......... .......... 87% 4.28M 0s
 12500K .......... .......... .......... .......... .......... 87% 5.09M 0s
 12550K .......... .......... .......... .......... .......... 87% 4.66M 0s
 12600K .......... .......... .......... .......... .......... 88% 5.47M 0s
 12650K .......... .......... .......... .......... .......... 88% 5.03M 0s
 12700K .......... .......... .......... .......... .......... 88% 5.12M 0s
 12750K .......... .......... .......... .......... .......... 89% 4.59M 0s
 12800K .......... .......... .......... .......... .......... 89% 4.24M 0s
 12850K .......... .......... .......... .......... .......... 89% 5.17M 0s
 12900K .......... .......... .......... .......... .......... 90% 5.10M 0s
 12950K .......... .......... .......... .......... .......... 90% 4.41M 0s
 13000K .......... .......... .......... .......... .......... 91% 4.79M 0s
 13050K .......... .......... .......... .......... .......... 91% 4.87M 0s
 13100K .......... .......... .......... .......... .......... 91% 5.08M 0s
 13150K .......... .......... .......... .......... .......... 92% 4.39M 0s
 13200K .......... .......... .......... .......... .......... 92% 5.09M 0s
 13250K .......... .......... .......... .......... .......... 92% 5.14M 0s
 13300K .......... .......... .......... .......... .......... 93% 4.70M 0s
 13350K .......... .......... .......... .......... .......... 93% 4.33M 0s
 13400K .......... .......... .......... .......... .......... 93% 5.09M 0s
 13450K .......... .......... .......... .......... .......... 94% 5.12M 0s
 13500K .......... .......... .......... .......... .......... 94% 4.68M 0s
 13550K .......... .......... .......... .......... .......... 94% 4.32M 0s
 13600K .......... .......... .......... .......... .......... 95% 4.74M 0s
 13650K .......... .......... .......... .......... .......... 95% 4.90M 0s
 13700K .......... .......... .......... .......... .......... 95% 4.87M 0s
 13750K .......... .......... .......... .......... .......... 96% 4.15M 0s
 13800K .......... .......... .......... .......... .......... 96% 4.54M 0s
 13850K .......... .......... .......... .......... .......... 96% 5.03M 0s
 13900K .......... .......... .......... .......... .......... 97% 5.07M 0s
 13950K .......... .......... .......... .......... .......... 97% 4.37M 0s
 14000K .......... .......... .......... .......... .......... 98% 5.04M 0s
 14050K .......... .......... .......... .......... .......... 98% 4.93M 0s
 14100K .......... .......... .......... .......... .......... 98% 4.72M 0s
 14150K .......... .......... .......... .......... .......... 99% 4.42M 0s
 14200K .......... .......... .......... .......... .......... 99% 4.93M 0s
 14250K .......... .......... .......... .......... .......... 99% 4.79M 0s
 14300K .......... .......... .......... ...                  100% 4.77M=3.4s

2021-05-27 14:27:05 (4.12 MB/s) - ‘acidobacteria_odb10.2020-03-06.tar.gz’ saved [14677511/14677511]

acidobacteria_odb10/
acidobacteria_odb10/dataset.cfg
acidobacteria_odb10/lengths_cutoff
acidobacteria_odb10/ancestral
acidobacteria_odb10/ancestral_variants
acidobacteria_odb10/hmms/
acidobacteria_odb10/hmms/3867at57723.hmm
acidobacteria_odb10/hmms/3548at57723.hmm
acidobacteria_odb10/hmms/4177at57723.hmm
acidobacteria_odb10/hmms/5763at57723.hmm
acidobacteria_odb10/hmms/276at57723.hmm
acidobacteria_odb10/hmms/4421at57723.hmm
acidobacteria_odb10/hmms/6509at57723.hmm
acidobacteria_odb10/hmms/5408at57723.hmm
acidobacteria_odb10/hmms/443at57723.hmm
acidobacteria_odb10/hmms/2822at57723.hmm
acidobacteria_odb10/hmms/6832at57723.hmm
acidobacteria_odb10/hmms/9119at57723.hmm
acidobacteria_odb10/hmms/4527at57723.hmm
acidobacteria_odb10/hmms/4627at57723.hmm
acidobacteria_odb10/hmms/3872at57723.hmm
acidobacteria_odb10/hmms/7418at57723.hmm
acidobacteria_odb10/hmms/926at57723.hmm
acidobacteria_odb10/hmms/549at57723.hmm
acidobacteria_odb10/hmms/385at57723.hmm
acidobacteria_odb10/hmms/2265at57723.hmm
acidobacteria_odb10/hmms/6101at57723.hmm
acidobacteria_odb10/hmms/2379at57723.hmm
acidobacteria_odb10/hmms/4314at57723.hmm
acidobacteria_odb10/hmms/8375at57723.hmm
acidobacteria_odb10/hmms/4516at57723.hmm
acidobacteria_odb10/hmms/3319at57723.hmm
acidobacteria_odb10/hmms/6304at57723.hmm
acidobacteria_odb10/hmms/3471at57723.hmm
acidobacteria_odb10/hmms/2197at57723.hmm
acidobacteria_odb10/hmms/5727at57723.hmm
acidobacteria_odb10/hmms/7356at57723.hmm
acidobacteria_odb10/hmms/5647at57723.hmm
acidobacteria_odb10/hmms/8312at57723.hmm
acidobacteria_odb10/hmms/2294at57723.hmm
acidobacteria_odb10/hmms/3897at57723.hmm
acidobacteria_odb10/hmms/403at57723.hmm
acidobacteria_odb10/hmms/3165at57723.hmm
acidobacteria_odb10/hmms/2970at57723.hmm
acidobacteria_odb10/hmms/8664at57723.hmm
acidobacteria_odb10/hmms/365at57723.hmm
acidobacteria_odb10/hmms/6189at57723.hmm
acidobacteria_odb10/hmms/1912at57723.hmm
acidobacteria_odb10/hmms/3564at57723.hmm
acidobacteria_odb10/hmms/3814at57723.hmm
acidobacteria_odb10/hmms/2358at57723.hmm
acidobacteria_odb10/hmms/7987at57723.hmm
acidobacteria_odb10/hmms/4215at57723.hmm
acidobacteria_odb10/hmms/6265at57723.hmm
acidobacteria_odb10/hmms/772at57723.hmm
acidobacteria_odb10/hmms/8979at57723.hmm
acidobacteria_odb10/hmms/5621at57723.hmm
acidobacteria_odb10/hmms/3641at57723.hmm
acidobacteria_odb10/hmms/8841at57723.hmm
acidobacteria_odb10/hmms/704at57723.hmm
acidobacteria_odb10/hmms/7579at57723.hmm
acidobacteria_odb10/hmms/2081at57723.hmm
acidobacteria_odb10/hmms/2119at57723.hmm
acidobacteria_odb10/hmms/4027at57723.hmm
acidobacteria_odb10/hmms/3464at57723.hmm
acidobacteria_odb10/hmms/842at57723.hmm
acidobacteria_odb10/hmms/1348at57723.hmm
acidobacteria_odb10/hmms/3855at57723.hmm
acidobacteria_odb10/hmms/984at57723.hmm
acidobacteria_odb10/hmms/7487at57723.hmm
acidobacteria_odb10/hmms/7787at57723.hmm
acidobacteria_odb10/hmms/6563at57723.hmm
acidobacteria_odb10/hmms/8103at57723.hmm
acidobacteria_odb10/hmms/473at57723.hmm
acidobacteria_odb10/hmms/1724at57723.hmm
acidobacteria_odb10/hmms/26at57723.hmm
acidobacteria_odb10/hmms/390at57723.hmm
acidobacteria_odb10/hmms/4897at57723.hmm
acidobacteria_odb10/hmms/2209at57723.hmm
acidobacteria_odb10/hmms/375at57723.hmm
acidobacteria_odb10/hmms/6394at57723.hmm
acidobacteria_odb10/hmms/5094at57723.hmm
acidobacteria_odb10/hmms/2903at57723.hmm
acidobacteria_odb10/hmms/1041at57723.hmm
acidobacteria_odb10/hmms/9038at57723.hmm
acidobacteria_odb10/hmms/4095at57723.hmm
acidobacteria_odb10/hmms/4714at57723.hmm
acidobacteria_odb10/hmms/5515at57723.hmm
acidobacteria_odb10/hmms/2601at57723.hmm
acidobacteria_odb10/hmms/6308at57723.hmm
acidobacteria_odb10/hmms/405at57723.hmm
acidobacteria_odb10/hmms/1196at57723.hmm
acidobacteria_odb10/hmms/5074at57723.hmm
acidobacteria_odb10/hmms/4993at57723.hmm
acidobacteria_odb10/hmms/784at57723.hmm
acidobacteria_odb10/hmms/3688at57723.hmm
acidobacteria_odb10/hmms/5332at57723.hmm
acidobacteria_odb10/hmms/7549at57723.hmm
acidobacteria_odb10/hmms/4417at57723.hmm
acidobacteria_odb10/hmms/2013at57723.hmm
acidobacteria_odb10/hmms/1560at57723.hmm
acidobacteria_odb10/hmms/7279at57723.hmm
acidobacteria_odb10/hmms/6936at57723.hmm
acidobacteria_odb10/hmms/6288at57723.hmm
acidobacteria_odb10/hmms/4488at57723.hmm
acidobacteria_odb10/hmms/4950at57723.hmm
acidobacteria_odb10/hmms/9367at57723.hmm
acidobacteria_odb10/hmms/1054at57723.hmm
acidobacteria_odb10/hmms/5906at57723.hmm
acidobacteria_odb10/hmms/6386at57723.hmm
acidobacteria_odb10/hmms/2267at57723.hmm
acidobacteria_odb10/hmms/8029at57723.hmm
acidobacteria_odb10/hmms/1403at57723.hmm
acidobacteria_odb10/hmms/6976at57723.hmm
acidobacteria_odb10/hmms/243at57723.hmm
acidobacteria_odb10/hmms/1848at57723.hmm
acidobacteria_odb10/hmms/6433at57723.hmm
acidobacteria_odb10/hmms/1154at57723.hmm
acidobacteria_odb10/hmms/3353at57723.hmm
acidobacteria_odb10/hmms/8399at57723.hmm
acidobacteria_odb10/hmms/9264at57723.hmm
acidobacteria_odb10/hmms/9440at57723.hmm
acidobacteria_odb10/hmms/2385at57723.hmm
acidobacteria_odb10/hmms/5020at57723.hmm
acidobacteria_odb10/hmms/3491at57723.hmm
acidobacteria_odb10/hmms/1317at57723.hmm
acidobacteria_odb10/hmms/5831at57723.hmm
acidobacteria_odb10/hmms/5569at57723.hmm
acidobacteria_odb10/hmms/1554at57723.hmm
acidobacteria_odb10/hmms/5289at57723.hmm
acidobacteria_odb10/hmms/2404at57723.hmm
acidobacteria_odb10/hmms/4088at57723.hmm
acidobacteria_odb10/hmms/5230at57723.hmm
acidobacteria_odb10/hmms/6693at57723.hmm
acidobacteria_odb10/hmms/2079at57723.hmm
acidobacteria_odb10/hmms/2896at57723.hmm
acidobacteria_odb10/hmms/5248at57723.hmm
acidobacteria_odb10/hmms/7406at57723.hmm
acidobacteria_odb10/hmms/7459at57723.hmm
acidobacteria_odb10/hmms/4093at57723.hmm
acidobacteria_odb10/hmms/5992at57723.hmm
acidobacteria_odb10/hmms/6860at57723.hmm
acidobacteria_odb10/hmms/1163at57723.hmm
acidobacteria_odb10/hmms/2297at57723.hmm
acidobacteria_odb10/hmms/4468at57723.hmm
acidobacteria_odb10/hmms/8899at57723.hmm
acidobacteria_odb10/hmms/7604at57723.hmm
acidobacteria_odb10/hmms/2765at57723.hmm
acidobacteria_odb10/hmms/4139at57723.hmm
acidobacteria_odb10/hmms/4179at57723.hmm
acidobacteria_odb10/hmms/2248at57723.hmm
acidobacteria_odb10/hmms/3030at57723.hmm
acidobacteria_odb10/hmms/4949at57723.hmm
acidobacteria_odb10/hmms/1326at57723.hmm
acidobacteria_odb10/hmms/6092at57723.hmm
acidobacteria_odb10/hmms/3095at57723.hmm
acidobacteria_odb10/hmms/457at57723.hmm
acidobacteria_odb10/hmms/5623at57723.hmm
acidobacteria_odb10/hmms/1331at57723.hmm
acidobacteria_odb10/hmms/733at57723.hmm
acidobacteria_odb10/hmms/6997at57723.hmm
acidobacteria_odb10/hmms/508at57723.hmm
acidobacteria_odb10/hmms/4634at57723.hmm
acidobacteria_odb10/hmms/2988at57723.hmm
acidobacteria_odb10/hmms/964at57723.hmm
acidobacteria_odb10/hmms/7234at57723.hmm
acidobacteria_odb10/hmms/4873at57723.hmm
acidobacteria_odb10/hmms/8209at57723.hmm
acidobacteria_odb10/hmms/1447at57723.hmm
acidobacteria_odb10/hmms/3096at57723.hmm
acidobacteria_odb10/hmms/9739at57723.hmm
acidobacteria_odb10/hmms/3022at57723.hmm
acidobacteria_odb10/hmms/1526at57723.hmm
acidobacteria_odb10/hmms/1763at57723.hmm
acidobacteria_odb10/hmms/4390at57723.hmm
acidobacteria_odb10/hmms/8818at57723.hmm
acidobacteria_odb10/hmms/280at57723.hmm
acidobacteria_odb10/hmms/5154at57723.hmm
acidobacteria_odb10/hmms/6275at57723.hmm
acidobacteria_odb10/hmms/5950at57723.hmm
acidobacteria_odb10/hmms/7377at57723.hmm
acidobacteria_odb10/hmms/6966at57723.hmm
acidobacteria_odb10/hmms/3573at57723.hmm
acidobacteria_odb10/hmms/1269at57723.hmm
acidobacteria_odb10/hmms/2230at57723.hmm
acidobacteria_odb10/hmms/541at57723.hmm
acidobacteria_odb10/hmms/5042at57723.hmm
acidobacteria_odb10/hmms/7520at57723.hmm
acidobacteria_odb10/hmms/3204at57723.hmm
acidobacteria_odb10/hmms/1741at57723.hmm
acidobacteria_odb10/hmms/1064at57723.hmm
acidobacteria_odb10/hmms/6352at57723.hmm
acidobacteria_odb10/hmms/4491at57723.hmm
acidobacteria_odb10/hmms/4597at57723.hmm
acidobacteria_odb10/hmms/3359at57723.hmm
acidobacteria_odb10/hmms/2691at57723.hmm
acidobacteria_odb10/hmms/4592at57723.hmm
acidobacteria_odb10/hmms/3723at57723.hmm
acidobacteria_odb10/hmms/1157at57723.hmm
acidobacteria_odb10/hmms/9082at57723.hmm
acidobacteria_odb10/hmms/2409at57723.hmm
acidobacteria_odb10/hmms/7989at57723.hmm
acidobacteria_odb10/hmms/7590at57723.hmm
acidobacteria_odb10/hmms/5579at57723.hmm
acidobacteria_odb10/hmms/6757at57723.hmm
acidobacteria_odb10/hmms/4123at57723.hmm
acidobacteria_odb10/hmms/2416at57723.hmm
acidobacteria_odb10/hmms/1128at57723.hmm
acidobacteria_odb10/hmms/3002at57723.hmm
acidobacteria_odb10/hmms/9087at57723.hmm
acidobacteria_odb10/hmms/515at57723.hmm
acidobacteria_odb10/hmms/3515at57723.hmm
acidobacteria_odb10/hmms/930at57723.hmm
acidobacteria_odb10/hmms/4762at57723.hmm
acidobacteria_odb10/hmms/6651at57723.hmm
acidobacteria_odb10/hmms/3169at57723.hmm
acidobacteria_odb10/hmms/6995at57723.hmm
acidobacteria_odb10/hmms/9525at57723.hmm
acidobacteria_odb10/hmms/2535at57723.hmm
acidobacteria_odb10/hmms/1411at57723.hmm
acidobacteria_odb10/hmms/4477at57723.hmm
acidobacteria_odb10/hmms/814at57723.hmm
acidobacteria_odb10/hmms/6175at57723.hmm
acidobacteria_odb10/hmms/5076at57723.hmm
acidobacteria_odb10/hmms/225at57723.hmm
acidobacteria_odb10/hmms/200at57723.hmm
acidobacteria_odb10/hmms/7508at57723.hmm
acidobacteria_odb10/hmms/3151at57723.hmm
acidobacteria_odb10/hmms/561at57723.hmm
acidobacteria_odb10/hmms/5814at57723.hmm
acidobacteria_odb10/hmms/1097at57723.hmm
acidobacteria_odb10/hmms/4022at57723.hmm
acidobacteria_odb10/hmms/5186at57723.hmm
acidobacteria_odb10/hmms/553at57723.hmm
acidobacteria_odb10/hmms/5816at57723.hmm
acidobacteria_odb10/hmms/6125at57723.hmm
acidobacteria_odb10/hmms/1204at57723.hmm
acidobacteria_odb10/hmms/9123at57723.hmm
acidobacteria_odb10/hmms/7034at57723.hmm
acidobacteria_odb10/hmms/2411at57723.hmm
acidobacteria_odb10/hmms/7210at57723.hmm
acidobacteria_odb10/hmms/2839at57723.hmm
acidobacteria_odb10/hmms/4023at57723.hmm
acidobacteria_odb10/hmms/3946at57723.hmm
acidobacteria_odb10/hmms/5754at57723.hmm
acidobacteria_odb10/hmms/8723at57723.hmm
acidobacteria_odb10/hmms/8294at57723.hmm
acidobacteria_odb10/hmms/3210at57723.hmm
acidobacteria_odb10/hmms/1590at57723.hmm
acidobacteria_odb10/hmms/4550at57723.hmm
acidobacteria_odb10/hmms/9530at57723.hmm
acidobacteria_odb10/hmms/2894at57723.hmm
acidobacteria_odb10/hmms/1233at57723.hmm
acidobacteria_odb10/hmms/2574at57723.hmm
acidobacteria_odb10/hmms/2512at57723.hmm
acidobacteria_odb10/hmms/5891at57723.hmm
acidobacteria_odb10/hmms/8594at57723.hmm
acidobacteria_odb10/hmms/2881at57723.hmm
acidobacteria_odb10/hmms/2408at57723.hmm
acidobacteria_odb10/hmms/4386at57723.hmm
acidobacteria_odb10/hmms/292at57723.hmm
acidobacteria_odb10/hmms/1889at57723.hmm
acidobacteria_odb10/hmms/6159at57723.hmm
acidobacteria_odb10/hmms/3708at57723.hmm
acidobacteria_odb10/hmms/5310at57723.hmm
acidobacteria_odb10/hmms/866at57723.hmm
acidobacteria_odb10/hmms/2097at57723.hmm
acidobacteria_odb10/hmms/3898at57723.hmm
acidobacteria_odb10/hmms/7456at57723.hmm
acidobacteria_odb10/hmms/4508at57723.hmm
acidobacteria_odb10/hmms/6480at57723.hmm
acidobacteria_odb10/hmms/2861at57723.hmm
acidobacteria_odb10/hmms/2310at57723.hmm
acidobacteria_odb10/hmms/1562at57723.hmm
acidobacteria_odb10/hmms/201at57723.hmm
acidobacteria_odb10/hmms/6803at57723.hmm
acidobacteria_odb10/hmms/4542at57723.hmm
acidobacteria_odb10/hmms/7836at57723.hmm
acidobacteria_odb10/hmms/3401at57723.hmm
acidobacteria_odb10/hmms/1596at57723.hmm
acidobacteria_odb10/hmms/3963at57723.hmm
acidobacteria_odb10/hmms/1529at57723.hmm
acidobacteria_odb10/hmms/8133at57723.hmm
acidobacteria_odb10/hmms/4509at57723.hmm
acidobacteria_odb10/hmms/6455at57723.hmm
acidobacteria_odb10/hmms/8501at57723.hmm
acidobacteria_odb10/hmms/4481at57723.hmm
acidobacteria_odb10/hmms/8253at57723.hmm
acidobacteria_odb10/hmms/2195at57723.hmm
acidobacteria_odb10/hmms/1990at57723.hmm
acidobacteria_odb10/hmms/7016at57723.hmm
acidobacteria_odb10/hmms/5192at57723.hmm
acidobacteria_odb10/hmms/7758at57723.hmm
acidobacteria_odb10/hmms/5444at57723.hmm
acidobacteria_odb10/hmms/1997at57723.hmm
acidobacteria_odb10/hmms/3012at57723.hmm
acidobacteria_odb10/hmms/1284at57723.hmm
acidobacteria_odb10/hmms/3144at57723.hmm
acidobacteria_odb10/hmms/5968at57723.hmm
acidobacteria_odb10/hmms/2786at57723.hmm
acidobacteria_odb10/hmms/5272at57723.hmm
acidobacteria_odb10/hmms/1668at57723.hmm
acidobacteria_odb10/hmms/6404at57723.hmm
acidobacteria_odb10/hmms/4955at57723.hmm
acidobacteria_odb10/hmms/6849at57723.hmm
acidobacteria_odb10/hmms/8224at57723.hmm
acidobacteria_odb10/hmms/6103at57723.hmm
acidobacteria_odb10/hmms/430at57723.hmm
acidobacteria_odb10/hmms/5202at57723.hmm
acidobacteria_odb10/hmms/8099at57723.hmm
acidobacteria_odb10/hmms/3038at57723.hmm
acidobacteria_odb10/hmms/6256at57723.hmm
acidobacteria_odb10/hmms/3141at57723.hmm
acidobacteria_odb10/hmms/9065at57723.hmm
acidobacteria_odb10/hmms/8369at57723.hmm
acidobacteria_odb10/hmms/1509at57723.hmm
acidobacteria_odb10/hmms/8613at57723.hmm
acidobacteria_odb10/hmms/2157at57723.hmm
acidobacteria_odb10/hmms/5551at57723.hmm
acidobacteria_odb10/hmms/8671at57723.hmm
acidobacteria_odb10/hmms/9560at57723.hmm
acidobacteria_odb10/hmms/1870at57723.hmm
acidobacteria_odb10/hmms/5196at57723.hmm
acidobacteria_odb10/hmms/7928at57723.hmm
acidobacteria_odb10/hmms/5542at57723.hmm
acidobacteria_odb10/hmms/4677at57723.hmm
acidobacteria_odb10/hmms/2118at57723.hmm
acidobacteria_odb10/hmms/3645at57723.hmm
acidobacteria_odb10/hmms/169at57723.hmm
acidobacteria_odb10/hmms/9200at57723.hmm
acidobacteria_odb10/hmms/4647at57723.hmm
acidobacteria_odb10/hmms/2528at57723.hmm
acidobacteria_odb10/hmms/6217at57723.hmm
acidobacteria_odb10/hmms/7481at57723.hmm
acidobacteria_odb10/hmms/4278at57723.hmm
acidobacteria_odb10/hmms/4776at57723.hmm
acidobacteria_odb10/hmms/8700at57723.hmm
acidobacteria_odb10/hmms/1112at57723.hmm
acidobacteria_odb10/hmms/7635at57723.hmm
acidobacteria_odb10/hmms/4511at57723.hmm
acidobacteria_odb10/hmms/5018at57723.hmm
acidobacteria_odb10/hmms/1192at57723.hmm
acidobacteria_odb10/hmms/2020at57723.hmm
acidobacteria_odb10/hmms/2053at57723.hmm
acidobacteria_odb10/hmms/3075at57723.hmm
acidobacteria_odb10/hmms/1616at57723.hmm
acidobacteria_odb10/hmms/1644at57723.hmm
acidobacteria_odb10/hmms/662at57723.hmm
acidobacteria_odb10/hmms/5540at57723.hmm
acidobacteria_odb10/hmms/1267at57723.hmm
acidobacteria_odb10/hmms/130at57723.hmm
acidobacteria_odb10/hmms/474at57723.hmm
acidobacteria_odb10/hmms/7709at57723.hmm
acidobacteria_odb10/hmms/8964at57723.hmm
acidobacteria_odb10/hmms/2667at57723.hmm
acidobacteria_odb10/hmms/1296at57723.hmm
acidobacteria_odb10/hmms/411at57723.hmm
acidobacteria_odb10/hmms/6592at57723.hmm
acidobacteria_odb10/hmms/4125at57723.hmm
acidobacteria_odb10/hmms/3783at57723.hmm
acidobacteria_odb10/hmms/51at57723.hmm
acidobacteria_odb10/hmms/5706at57723.hmm
acidobacteria_odb10/hmms/8373at57723.hmm
acidobacteria_odb10/hmms/4935at57723.hmm
acidobacteria_odb10/hmms/1453at57723.hmm
acidobacteria_odb10/hmms/7468at57723.hmm
acidobacteria_odb10/hmms/5413at57723.hmm
acidobacteria_odb10/hmms/3421at57723.hmm
acidobacteria_odb10/hmms/3372at57723.hmm
acidobacteria_odb10/hmms/4911at57723.hmm
acidobacteria_odb10/hmms/8545at57723.hmm
acidobacteria_odb10/hmms/4094at57723.hmm
acidobacteria_odb10/hmms/6675at57723.hmm
acidobacteria_odb10/hmms/3868at57723.hmm
acidobacteria_odb10/hmms/1287at57723.hmm
acidobacteria_odb10/hmms/7112at57723.hmm
acidobacteria_odb10/hmms/1885at57723.hmm
acidobacteria_odb10/hmms/480at57723.hmm
acidobacteria_odb10/hmms/5336at57723.hmm
acidobacteria_odb10/hmms/4470at57723.hmm
acidobacteria_odb10/hmms/2998at57723.hmm
acidobacteria_odb10/hmms/4180at57723.hmm
acidobacteria_odb10/hmms/7382at57723.hmm
acidobacteria_odb10/hmms/6187at57723.hmm
acidobacteria_odb10/hmms/4615at57723.hmm
acidobacteria_odb10/hmms/4280at57723.hmm
acidobacteria_odb10/hmms/9483at57723.hmm
acidobacteria_odb10/hmms/3769at57723.hmm
acidobacteria_odb10/hmms/7226at57723.hmm
acidobacteria_odb10/hmms/4662at57723.hmm
acidobacteria_odb10/hmms/1250at57723.hmm
acidobacteria_odb10/hmms/1005at57723.hmm
acidobacteria_odb10/hmms/6446at57723.hmm
acidobacteria_odb10/hmms/5305at57723.hmm
acidobacteria_odb10/hmms/1857at57723.hmm
acidobacteria_odb10/hmms/1533at57723.hmm
acidobacteria_odb10/hmms/6051at57723.hmm
acidobacteria_odb10/hmms/1080at57723.hmm
acidobacteria_odb10/hmms/2550at57723.hmm
acidobacteria_odb10/hmms/5752at57723.hmm
acidobacteria_odb10/hmms/9at57723.hmm
acidobacteria_odb10/hmms/4554at57723.hmm
acidobacteria_odb10/hmms/4159at57723.hmm
acidobacteria_odb10/hmms/3543at57723.hmm
acidobacteria_odb10/hmms/2960at57723.hmm
acidobacteria_odb10/hmms/8337at57723.hmm
acidobacteria_odb10/hmms/9663at57723.hmm
acidobacteria_odb10/hmms/1827at57723.hmm
acidobacteria_odb10/hmms/1168at57723.hmm
acidobacteria_odb10/hmms/7113at57723.hmm
acidobacteria_odb10/hmms/5063at57723.hmm
acidobacteria_odb10/hmms/2940at57723.hmm
acidobacteria_odb10/hmms/8608at57723.hmm
acidobacteria_odb10/hmms/1456at57723.hmm
acidobacteria_odb10/hmms/8098at57723.hmm
acidobacteria_odb10/hmms/264at57723.hmm
acidobacteria_odb10/hmms/4609at57723.hmm
acidobacteria_odb10/hmms/8983at57723.hmm
acidobacteria_odb10/hmms/8077at57723.hmm
acidobacteria_odb10/hmms/4743at57723.hmm
acidobacteria_odb10/hmms/1206at57723.hmm
acidobacteria_odb10/hmms/3974at57723.hmm
acidobacteria_odb10/hmms/9859at57723.hmm
acidobacteria_odb10/hmms/3116at57723.hmm
acidobacteria_odb10/hmms/5755at57723.hmm
acidobacteria_odb10/hmms/2014at57723.hmm
acidobacteria_odb10/hmms/4322at57723.hmm
acidobacteria_odb10/hmms/6273at57723.hmm
acidobacteria_odb10/hmms/4977at57723.hmm
acidobacteria_odb10/hmms/1589at57723.hmm
acidobacteria_odb10/hmms/7623at57723.hmm
acidobacteria_odb10/hmms/1274at57723.hmm
acidobacteria_odb10/hmms/6044at57723.hmm
acidobacteria_odb10/hmms/6606at57723.hmm
acidobacteria_odb10/hmms/809at57723.hmm
acidobacteria_odb10/hmms/1153at57723.hmm
acidobacteria_odb10/hmms/1119at57723.hmm
acidobacteria_odb10/hmms/231at57723.hmm
acidobacteria_odb10/hmms/7739at57723.hmm
acidobacteria_odb10/hmms/4551at57723.hmm
acidobacteria_odb10/hmms/2at57723.hmm
acidobacteria_odb10/hmms/7716at57723.hmm
acidobacteria_odb10/hmms/2481at57723.hmm
acidobacteria_odb10/hmms/7643at57723.hmm
acidobacteria_odb10/hmms/4616at57723.hmm
acidobacteria_odb10/hmms/7864at57723.hmm
acidobacteria_odb10/hmms/1599at57723.hmm
acidobacteria_odb10/hmms/4269at57723.hmm
acidobacteria_odb10/hmms/6766at57723.hmm
acidobacteria_odb10/hmms/2873at57723.hmm
acidobacteria_odb10/hmms/2254at57723.hmm
acidobacteria_odb10/hmms/7206at57723.hmm
acidobacteria_odb10/hmms/3929at57723.hmm
acidobacteria_odb10/hmms/4689at57723.hmm
acidobacteria_odb10/hmms/1899at57723.hmm
acidobacteria_odb10/hmms/4644at57723.hmm
acidobacteria_odb10/hmms/8698at57723.hmm
acidobacteria_odb10/hmms/1614at57723.hmm
acidobacteria_odb10/hmms/1306at57723.hmm
acidobacteria_odb10/hmms/3658at57723.hmm
acidobacteria_odb10/hmms/3114at57723.hmm
acidobacteria_odb10/hmms/214at57723.hmm
acidobacteria_odb10/hmms/2288at57723.hmm
acidobacteria_odb10/hmms/9415at57723.hmm
acidobacteria_odb10/hmms/3626at57723.hmm
acidobacteria_odb10/hmms/5961at57723.hmm
acidobacteria_odb10/hmms/4407at57723.hmm
acidobacteria_odb10/hmms/2418at57723.hmm
acidobacteria_odb10/hmms/1070at57723.hmm
acidobacteria_odb10/hmms/3766at57723.hmm
acidobacteria_odb10/hmms/775at57723.hmm
acidobacteria_odb10/hmms/688at57723.hmm
acidobacteria_odb10/hmms/3768at57723.hmm
acidobacteria_odb10/hmms/3106at57723.hmm
acidobacteria_odb10/hmms/4415at57723.hmm
acidobacteria_odb10/hmms/5690at57723.hmm
acidobacteria_odb10/hmms/1345at57723.hmm
acidobacteria_odb10/hmms/498at57723.hmm
acidobacteria_odb10/hmms/2210at57723.hmm
acidobacteria_odb10/hmms/4865at57723.hmm
acidobacteria_odb10/hmms/2937at57723.hmm
acidobacteria_odb10/hmms/7982at57723.hmm
acidobacteria_odb10/hmms/1132at57723.hmm
acidobacteria_odb10/hmms/96at57723.hmm
acidobacteria_odb10/hmms/8101at57723.hmm
acidobacteria_odb10/hmms/3870at57723.hmm
acidobacteria_odb10/hmms/8917at57723.hmm
acidobacteria_odb10/hmms/4030at57723.hmm
acidobacteria_odb10/hmms/141at57723.hmm
acidobacteria_odb10/hmms/2788at57723.hmm
acidobacteria_odb10/hmms/6902at57723.hmm
acidobacteria_odb10/hmms/1969at57723.hmm
acidobacteria_odb10/hmms/2859at57723.hmm
acidobacteria_odb10/hmms/593at57723.hmm
acidobacteria_odb10/hmms/4534at57723.hmm
acidobacteria_odb10/hmms/412at57723.hmm
acidobacteria_odb10/hmms/6695at57723.hmm
acidobacteria_odb10/hmms/3345at57723.hmm
acidobacteria_odb10/hmms/6439at57723.hmm
acidobacteria_odb10/hmms/6990at57723.hmm
acidobacteria_odb10/hmms/4469at57723.hmm
acidobacteria_odb10/hmms/6573at57723.hmm
acidobacteria_odb10/hmms/4099at57723.hmm
acidobacteria_odb10/hmms/6649at57723.hmm
acidobacteria_odb10/hmms/3067at57723.hmm
acidobacteria_odb10/hmms/854at57723.hmm
acidobacteria_odb10/hmms/4448at57723.hmm
acidobacteria_odb10/hmms/5426at57723.hmm
acidobacteria_odb10/hmms/3469at57723.hmm
acidobacteria_odb10/hmms/7974at57723.hmm
acidobacteria_odb10/hmms/5138at57723.hmm
acidobacteria_odb10/hmms/1696at57723.hmm
acidobacteria_odb10/hmms/4378at57723.hmm
acidobacteria_odb10/hmms/7124at57723.hmm
acidobacteria_odb10/hmms/5774at57723.hmm
acidobacteria_odb10/hmms/4182at57723.hmm
acidobacteria_odb10/hmms/5885at57723.hmm
acidobacteria_odb10/hmms/6130at57723.hmm
acidobacteria_odb10/hmms/7920at57723.hmm
acidobacteria_odb10/hmms/863at57723.hmm
acidobacteria_odb10/hmms/3583at57723.hmm
acidobacteria_odb10/hmms/14at57723.hmm
acidobacteria_odb10/hmms/1344at57723.hmm
acidobacteria_odb10/hmms/1227at57723.hmm
acidobacteria_odb10/hmms/636at57723.hmm
acidobacteria_odb10/hmms/7335at57723.hmm
acidobacteria_odb10/hmms/9178at57723.hmm
acidobacteria_odb10/hmms/1139at57723.hmm
acidobacteria_odb10/hmms/5539at57723.hmm
acidobacteria_odb10/hmms/316at57723.hmm
acidobacteria_odb10/hmms/3520at57723.hmm
acidobacteria_odb10/hmms/3638at57723.hmm
acidobacteria_odb10/hmms/3618at57723.hmm
acidobacteria_odb10/hmms/5995at57723.hmm
acidobacteria_odb10/hmms/672at57723.hmm
acidobacteria_odb10/hmms/4142at57723.hmm
acidobacteria_odb10/hmms/436at57723.hmm
acidobacteria_odb10/hmms/8902at57723.hmm
acidobacteria_odb10/hmms/4328at57723.hmm
acidobacteria_odb10/hmms/1147at57723.hmm
acidobacteria_odb10/hmms/8339at57723.hmm
acidobacteria_odb10/hmms/3873at57723.hmm
acidobacteria_odb10/hmms/3800at57723.hmm
acidobacteria_odb10/hmms/3884at57723.hmm
acidobacteria_odb10/hmms/1901at57723.hmm
acidobacteria_odb10/hmms/2781at57723.hmm
acidobacteria_odb10/hmms/6559at57723.hmm
acidobacteria_odb10/hmms/7531at57723.hmm
acidobacteria_odb10/hmms/2378at57723.hmm
acidobacteria_odb10/hmms/2298at57723.hmm
acidobacteria_odb10/hmms/4781at57723.hmm
acidobacteria_odb10/hmms/2479at57723.hmm
acidobacteria_odb10/hmms/4402at57723.hmm
acidobacteria_odb10/hmms/7599at57723.hmm
acidobacteria_odb10/hmms/122at57723.hmm
acidobacteria_odb10/hmms/6935at57723.hmm
acidobacteria_odb10/hmms/5896at57723.hmm
acidobacteria_odb10/hmms/2427at57723.hmm
acidobacteria_odb10/hmms/9477at57723.hmm
acidobacteria_odb10/hmms/5660at57723.hmm
acidobacteria_odb10/hmms/2276at57723.hmm
acidobacteria_odb10/hmms/3702at57723.hmm
acidobacteria_odb10/hmms/5626at57723.hmm
acidobacteria_odb10/hmms/1934at57723.hmm
acidobacteria_odb10/hmms/7379at57723.hmm
acidobacteria_odb10/hmms/654at57723.hmm
acidobacteria_odb10/hmms/4672at57723.hmm
acidobacteria_odb10/hmms/3818at57723.hmm
acidobacteria_odb10/hmms/2243at57723.hmm
acidobacteria_odb10/hmms/2514at57723.hmm
acidobacteria_odb10/hmms/1552at57723.hmm
acidobacteria_odb10/hmms/8084at57723.hmm
acidobacteria_odb10/hmms/6261at57723.hmm
acidobacteria_odb10/hmms/6274at57723.hmm
acidobacteria_odb10/hmms/4918at57723.hmm
acidobacteria_odb10/hmms/6132at57723.hmm
acidobacteria_odb10/hmms/2073at57723.hmm
acidobacteria_odb10/hmms/2330at57723.hmm
acidobacteria_odb10/hmms/942at57723.hmm
acidobacteria_odb10/hmms/7777at57723.hmm
acidobacteria_odb10/hmms/483at57723.hmm
acidobacteria_odb10/hmms/659at57723.hmm
acidobacteria_odb10/hmms/8987at57723.hmm
acidobacteria_odb10/hmms/8211at57723.hmm
acidobacteria_odb10/hmms/735at57723.hmm
acidobacteria_odb10/hmms/8372at57723.hmm
acidobacteria_odb10/hmms/5496at57723.hmm
acidobacteria_odb10/hmms/2692at57723.hmm
acidobacteria_odb10/hmms/8255at57723.hmm
acidobacteria_odb10/hmms/9334at57723.hmm
acidobacteria_odb10/hmms/4590at57723.hmm
acidobacteria_odb10/hmms/7402at57723.hmm
acidobacteria_odb10/hmms/6396at57723.hmm
acidobacteria_odb10/hmms/927at57723.hmm
acidobacteria_odb10/hmms/8218at57723.hmm
acidobacteria_odb10/hmms/1006at57723.hmm
acidobacteria_odb10/hmms/9645at57723.hmm
acidobacteria_odb10/hmms/1557at57723.hmm
acidobacteria_odb10/hmms/3029at57723.hmm
acidobacteria_odb10/hmms/938at57723.hmm
acidobacteria_odb10/hmms/4290at57723.hmm
acidobacteria_odb10/hmms/5010at57723.hmm
acidobacteria_odb10/hmms/915at57723.hmm
acidobacteria_odb10/hmms/158at57723.hmm
acidobacteria_odb10/hmms/1120at57723.hmm
acidobacteria_odb10/hmms/642at57723.hmm
acidobacteria_odb10/hmms/220at57723.hmm
acidobacteria_odb10/info/
acidobacteria_odb10/info/ogs.id.info
acidobacteria_odb10/info/species.info
acidobacteria_odb10/scores_cutoff
Finished updating database on Thu May 27 14:27:08 CEST 2021
